<?xml version="1.0" encoding="UTF-8"?>
<!-- Generated by org.testng.reporters.JUnitXMLReporter -->
<testsuite hostname="PunitNanda-PC" ignored="0" name="Test" tests="1" failures="0" timestamp="09 Jul 2020 14:15:45 GMT" time="98.275" errors="0">
  <testcase name="@BeforeClass createChromeDriver" time="97.713" classname="chromebrowser.launchApp">
    <failure type="org.openqa.selenium.WebDriverException" message="chrome not reachable
Build info: version: &amp;apos;3.141.59&amp;apos;, revision: &amp;apos;e82be7d358&amp;apos;, time: &amp;apos;2018-11-14T08:25:48&amp;apos;
System info: host: &amp;apos;PUNITNANDA-PC&amp;apos;, ip: &amp;apos;192.168.43.85&amp;apos;, os.name: &amp;apos;Windows 7&amp;apos;, os.arch: &amp;apos;amd64&amp;apos;, os.version: &amp;apos;6.1&amp;apos;, java.version: &amp;apos;1.8.0_251&amp;apos;
Driver info: driver.version: ChromeDriver
remote stacktrace: Backtrace:
	Ordinal0 [0x014F9563+2725219]
	Ordinal0 [0x013F8551+1672529]
	Ordinal0 [0x012E0202+524802]
	Ordinal0 [0x012D98EA+497898]
	Ordinal0 [0x0127071A+67354]
	Ordinal0 [0x0126D32C+54060]
	Ordinal0 [0x0128CC37+183351]
	Ordinal0 [0x0128CA3D+182845]
	Ordinal0 [0x0128A94B+174411]
	Ordinal0 [0x01272528+75048]
	Ordinal0 [0x012735A0+79264]
	Ordinal0 [0x01273539+79161]
	Ordinal0 [0x0140D607+1758727]
	GetHandleVerifier [0x01616546+1050150]
	GetHandleVerifier [0x01616291+1049457]
	GetHandleVerifier [0x016210D7+1094071]
	GetHandleVerifier [0x01616B46+1051686]
	Ordinal0 [0x01405B06+1727238]
	Ordinal0 [0x0140EB7B+1764219]
	Ordinal0 [0x0140ECE3+1764579]
	Ordinal0 [0x01424C05+1854469]
	BaseThreadInitThunk [0x76AB339A+18]
	RtlInitializeExceptionChain [0x77149ED2+99]
	RtlInitializeExceptionChain [0x77149EA5+54]
">
      <![CDATA[org.openqa.selenium.WebDriverException: chrome not reachable
Build info: version: '3.141.59', revision: 'e82be7d358', time: '2018-11-14T08:25:48'
System info: host: 'PUNITNANDA-PC', ip: '192.168.43.85', os.name: 'Windows 7', os.arch: 'amd64', os.version: '6.1', java.version: '1.8.0_251'
Driver info: driver.version: ChromeDriver
remote stacktrace: Backtrace:
Ordinal0 [0x014F9563+2725219]
Ordinal0 [0x013F8551+1672529]
Ordinal0 [0x012E0202+524802]
Ordinal0 [0x012D98EA+497898]
Ordinal0 [0x0127071A+67354]
Ordinal0 [0x0126D32C+54060]
Ordinal0 [0x0128CC37+183351]
Ordinal0 [0x0128CA3D+182845]
Ordinal0 [0x0128A94B+174411]
Ordinal0 [0x01272528+75048]
Ordinal0 [0x012735A0+79264]
Ordinal0 [0x01273539+79161]
Ordinal0 [0x0140D607+1758727]
GetHandleVerifier [0x01616546+1050150]
GetHandleVerifier [0x01616291+1049457]
GetHandleVerifier [0x016210D7+1094071]
GetHandleVerifier [0x01616B46+1051686]
Ordinal0 [0x01405B06+1727238]
Ordinal0 [0x0140EB7B+1764219]
Ordinal0 [0x0140ECE3+1764579]
Ordinal0 [0x01424C05+1854469]
BaseThreadInitThunk [0x76AB339A+18]
RtlInitializeExceptionChain [0x77149ED2+99]
RtlInitializeExceptionChain [0x77149EA5+54]

at org.openqa.selenium.remote.W3CHandshakeResponse.lambda$errorHandler$0(W3CHandshakeResponse.java:62)
at org.openqa.selenium.remote.HandshakeResponse.lambda$getResponseFunction$0(HandshakeResponse.java:30)
at org.openqa.selenium.remote.ProtocolHandshake.lambda$createSession$0(ProtocolHandshake.java:126)
at java.util.stream.ReferencePipeline$3$1.accept(Unknown Source)
at java.util.Spliterators$ArraySpliterator.tryAdvance(Unknown Source)
at java.util.stream.ReferencePipeline.forEachWithCancel(Unknown Source)
at java.util.stream.AbstractPipeline.copyIntoWithCancel(Unknown Source)
at java.util.stream.AbstractPipeline.copyInto(Unknown Source)
at java.util.stream.AbstractPipeline.wrapAndCopyInto(Unknown Source)
at java.util.stream.FindOps$FindOp.evaluateSequential(Unknown Source)
at java.util.stream.AbstractPipeline.evaluate(Unknown Source)
at java.util.stream.ReferencePipeline.findFirst(Unknown Source)
at org.openqa.selenium.remote.ProtocolHandshake.createSession(ProtocolHandshake.java:128)
at org.openqa.selenium.remote.ProtocolHandshake.createSession(ProtocolHandshake.java:74)
at org.openqa.selenium.remote.HttpCommandExecutor.execute(HttpCommandExecutor.java:136)
at org.openqa.selenium.remote.service.DriverCommandExecutor.execute(DriverCommandExecutor.java:83)
at org.openqa.selenium.remote.RemoteWebDriver.execute(RemoteWebDriver.java:552)
at org.openqa.selenium.remote.RemoteWebDriver.startSession(RemoteWebDriver.java:213)
at org.openqa.selenium.remote.RemoteWebDriver.<init>(RemoteWebDriver.java:131)
at org.openqa.selenium.chrome.ChromeDriver.<init>(ChromeDriver.java:181)
at org.openqa.selenium.chrome.ChromeDriver.<init>(ChromeDriver.java:168)
at org.openqa.selenium.chrome.ChromeDriver.<init>(ChromeDriver.java:123)
at chromebrowser.launchApp.createChromeDriver(launchApp.java:15)
... Removed 30 stack frames]]>
    </failure>
  </testcase> <!-- @BeforeClass createChromeDriver -->
  <testcase name="@AfterTest closeBrowser" time="0.0" classname="chromebrowser.launchApp">
    <skipped/>
  </testcase> <!-- @AfterTest closeBrowser -->
  <testcase name="openBrowser" time="0.0" classname="chromebrowser.launchApp">
    <skipped/>
  </testcase> <!-- openBrowser -->
</testsuite> <!-- Test -->
