<?xml version="1.0" encoding="UTF-8"?>
<testng-results skipped="1" failed="0" ignored="0" total="1" passed="0">
  <reporter-output>
  </reporter-output>
  <suite name="Suite" duration-ms="98275" started-at="2020-07-09T14:14:05Z" finished-at="2020-07-09T14:15:44Z">
    <groups>
    </groups>
    <test name="Test" duration-ms="98275" started-at="2020-07-09T14:14:05Z" finished-at="2020-07-09T14:15:44Z">
      <class name="chromebrowser.launchApp">
        <test-method status="FAIL" signature="createChromeDriver()[pri:0, instance:chromebrowser.launchApp@62ee68d8]" name="createChromeDriver" is-config="true" duration-ms="97713" started-at="2020-07-09T14:14:05Z" finished-at="2020-07-09T14:15:43Z">
          <exception class="org.openqa.selenium.WebDriverException">
            <message>
              <![CDATA[chrome not reachable
Build info: version: '3.141.59', revision: 'e82be7d358', time: '2018-11-14T08:25:48'
System info: host: 'PUNITNANDA-PC', ip: '192.168.43.85', os.name: 'Windows 7', os.arch: 'amd64', os.version: '6.1', java.version: '1.8.0_251'
Driver info: driver.version: ChromeDriver
remote stacktrace: Backtrace:
Ordinal0 [0x014F9563+2725219]
Ordinal0 [0x013F8551+1672529]
Ordinal0 [0x012E0202+524802]
Ordinal0 [0x012D98EA+497898]
Ordinal0 [0x0127071A+67354]
Ordinal0 [0x0126D32C+54060]
Ordinal0 [0x0128CC37+183351]
Ordinal0 [0x0128CA3D+182845]
Ordinal0 [0x0128A94B+174411]
Ordinal0 [0x01272528+75048]
Ordinal0 [0x012735A0+79264]
Ordinal0 [0x01273539+79161]
Ordinal0 [0x0140D607+1758727]
GetHandleVerifier [0x01616546+1050150]
GetHandleVerifier [0x01616291+1049457]
GetHandleVerifier [0x016210D7+1094071]
GetHandleVerifier [0x01616B46+1051686]
Ordinal0 [0x01405B06+1727238]
Ordinal0 [0x0140EB7B+1764219]
Ordinal0 [0x0140ECE3+1764579]
Ordinal0 [0x01424C05+1854469]
BaseThreadInitThunk [0x76AB339A+18]
RtlInitializeExceptionChain [0x77149ED2+99]
RtlInitializeExceptionChain [0x77149EA5+54]
]]>
            </message>
            <full-stacktrace>
              <![CDATA[org.openqa.selenium.WebDriverException: chrome not reachable
Build info: version: '3.141.59', revision: 'e82be7d358', time: '2018-11-14T08:25:48'
System info: host: 'PUNITNANDA-PC', ip: '192.168.43.85', os.name: 'Windows 7', os.arch: 'amd64', os.version: '6.1', java.version: '1.8.0_251'
Driver info: driver.version: ChromeDriver
remote stacktrace: Backtrace:
Ordinal0 [0x014F9563+2725219]
Ordinal0 [0x013F8551+1672529]
Ordinal0 [0x012E0202+524802]
Ordinal0 [0x012D98EA+497898]
Ordinal0 [0x0127071A+67354]
Ordinal0 [0x0126D32C+54060]
Ordinal0 [0x0128CC37+183351]
Ordinal0 [0x0128CA3D+182845]
Ordinal0 [0x0128A94B+174411]
Ordinal0 [0x01272528+75048]
Ordinal0 [0x012735A0+79264]
Ordinal0 [0x01273539+79161]
Ordinal0 [0x0140D607+1758727]
GetHandleVerifier [0x01616546+1050150]
GetHandleVerifier [0x01616291+1049457]
GetHandleVerifier [0x016210D7+1094071]
GetHandleVerifier [0x01616B46+1051686]
Ordinal0 [0x01405B06+1727238]
Ordinal0 [0x0140EB7B+1764219]
Ordinal0 [0x0140ECE3+1764579]
Ordinal0 [0x01424C05+1854469]
BaseThreadInitThunk [0x76AB339A+18]
RtlInitializeExceptionChain [0x77149ED2+99]
RtlInitializeExceptionChain [0x77149EA5+54]

at sun.reflect.NativeConstructorAccessorImpl.newInstance0(Native Method)
at sun.reflect.NativeConstructorAccessorImpl.newInstance(Unknown Source)
at sun.reflect.DelegatingConstructorAccessorImpl.newInstance(Unknown Source)
at java.lang.reflect.Constructor.newInstance(Unknown Source)
at org.openqa.selenium.remote.W3CHandshakeResponse.lambda$errorHandler$0(W3CHandshakeResponse.java:62)
at org.openqa.selenium.remote.HandshakeResponse.lambda$getResponseFunction$0(HandshakeResponse.java:30)
at org.openqa.selenium.remote.ProtocolHandshake.lambda$createSession$0(ProtocolHandshake.java:126)
at java.util.stream.ReferencePipeline$3$1.accept(Unknown Source)
at java.util.Spliterators$ArraySpliterator.tryAdvance(Unknown Source)
at java.util.stream.ReferencePipeline.forEachWithCancel(Unknown Source)
at java.util.stream.AbstractPipeline.copyIntoWithCancel(Unknown Source)
at java.util.stream.AbstractPipeline.copyInto(Unknown Source)
at java.util.stream.AbstractPipeline.wrapAndCopyInto(Unknown Source)
at java.util.stream.FindOps$FindOp.evaluateSequential(Unknown Source)
at java.util.stream.AbstractPipeline.evaluate(Unknown Source)
at java.util.stream.ReferencePipeline.findFirst(Unknown Source)
at org.openqa.selenium.remote.ProtocolHandshake.createSession(ProtocolHandshake.java:128)
at org.openqa.selenium.remote.ProtocolHandshake.createSession(ProtocolHandshake.java:74)
at org.openqa.selenium.remote.HttpCommandExecutor.execute(HttpCommandExecutor.java:136)
at org.openqa.selenium.remote.service.DriverCommandExecutor.execute(DriverCommandExecutor.java:83)
at org.openqa.selenium.remote.RemoteWebDriver.execute(RemoteWebDriver.java:552)
at org.openqa.selenium.remote.RemoteWebDriver.startSession(RemoteWebDriver.java:213)
at org.openqa.selenium.remote.RemoteWebDriver.<init>(RemoteWebDriver.java:131)
at org.openqa.selenium.chrome.ChromeDriver.<init>(ChromeDriver.java:181)
at org.openqa.selenium.chrome.ChromeDriver.<init>(ChromeDriver.java:168)
at org.openqa.selenium.chrome.ChromeDriver.<init>(ChromeDriver.java:123)
at chromebrowser.launchApp.createChromeDriver(launchApp.java:15)
at sun.reflect.NativeMethodAccessorImpl.invoke0(Native Method)
at sun.reflect.NativeMethodAccessorImpl.invoke(Unknown Source)
at sun.reflect.DelegatingMethodAccessorImpl.invoke(Unknown Source)
at java.lang.reflect.Method.invoke(Unknown Source)
at org.testng.internal.MethodInvocationHelper.invokeMethod(MethodInvocationHelper.java:124)
at org.testng.internal.MethodInvocationHelper.invokeMethodConsideringTimeout(MethodInvocationHelper.java:59)
at org.testng.internal.Invoker.invokeConfigurationMethod(Invoker.java:458)
at org.testng.internal.Invoker.invokeConfigurations(Invoker.java:222)
at org.testng.internal.Invoker.invokeConfigurations(Invoker.java:142)
at org.testng.internal.TestMethodWorker.invokeBeforeClassMethods(TestMethodWorker.java:168)
at org.testng.internal.TestMethodWorker.run(TestMethodWorker.java:105)
at org.testng.TestRunner.privateRun(TestRunner.java:648)
at org.testng.TestRunner.run(TestRunner.java:505)
at org.testng.SuiteRunner.runTest(SuiteRunner.java:455)
at org.testng.SuiteRunner.runSequentially(SuiteRunner.java:450)
at org.testng.SuiteRunner.privateRun(SuiteRunner.java:415)
at org.testng.SuiteRunner.run(SuiteRunner.java:364)
at org.testng.SuiteRunnerWorker.runSuite(SuiteRunnerWorker.java:52)
at org.testng.SuiteRunnerWorker.run(SuiteRunnerWorker.java:84)
at org.testng.TestNG.runSuitesSequentially(TestNG.java:1208)
at org.testng.TestNG.runSuitesLocally(TestNG.java:1137)
at org.testng.TestNG.runSuites(TestNG.java:1049)
at org.testng.TestNG.run(TestNG.java:1017)
at org.testng.remote.AbstractRemoteTestNG.run(AbstractRemoteTestNG.java:114)
at org.testng.remote.RemoteTestNG.initAndRun(RemoteTestNG.java:251)
at org.testng.remote.RemoteTestNG.main(RemoteTestNG.java:77)
]]>
            </full-stacktrace>
          </exception> <!-- org.openqa.selenium.WebDriverException -->
          <reporter-output>
          </reporter-output>
        </test-method> <!-- createChromeDriver -->
        <test-method status="SKIP" signature="openBrowser()[pri:0, instance:chromebrowser.launchApp@62ee68d8]" name="openBrowser" duration-ms="0" started-at="2020-07-09T14:15:44Z" finished-at="2020-07-09T14:15:44Z">
          <exception class="org.openqa.selenium.WebDriverException">
            <message>
              <![CDATA[chrome not reachable
Build info: version: '3.141.59', revision: 'e82be7d358', time: '2018-11-14T08:25:48'
System info: host: 'PUNITNANDA-PC', ip: '192.168.43.85', os.name: 'Windows 7', os.arch: 'amd64', os.version: '6.1', java.version: '1.8.0_251'
Driver info: driver.version: ChromeDriver
remote stacktrace: Backtrace:
Ordinal0 [0x014F9563+2725219]
Ordinal0 [0x013F8551+1672529]
Ordinal0 [0x012E0202+524802]
Ordinal0 [0x012D98EA+497898]
Ordinal0 [0x0127071A+67354]
Ordinal0 [0x0126D32C+54060]
Ordinal0 [0x0128CC37+183351]
Ordinal0 [0x0128CA3D+182845]
Ordinal0 [0x0128A94B+174411]
Ordinal0 [0x01272528+75048]
Ordinal0 [0x012735A0+79264]
Ordinal0 [0x01273539+79161]
Ordinal0 [0x0140D607+1758727]
GetHandleVerifier [0x01616546+1050150]
GetHandleVerifier [0x01616291+1049457]
GetHandleVerifier [0x016210D7+1094071]
GetHandleVerifier [0x01616B46+1051686]
Ordinal0 [0x01405B06+1727238]
Ordinal0 [0x0140EB7B+1764219]
Ordinal0 [0x0140ECE3+1764579]
Ordinal0 [0x01424C05+1854469]
BaseThreadInitThunk [0x76AB339A+18]
RtlInitializeExceptionChain [0x77149ED2+99]
RtlInitializeExceptionChain [0x77149EA5+54]
]]>
            </message>
            <full-stacktrace>
              <![CDATA[org.openqa.selenium.WebDriverException: chrome not reachable
Build info: version: '3.141.59', revision: 'e82be7d358', time: '2018-11-14T08:25:48'
System info: host: 'PUNITNANDA-PC', ip: '192.168.43.85', os.name: 'Windows 7', os.arch: 'amd64', os.version: '6.1', java.version: '1.8.0_251'
Driver info: driver.version: ChromeDriver
remote stacktrace: Backtrace:
Ordinal0 [0x014F9563+2725219]
Ordinal0 [0x013F8551+1672529]
Ordinal0 [0x012E0202+524802]
Ordinal0 [0x012D98EA+497898]
Ordinal0 [0x0127071A+67354]
Ordinal0 [0x0126D32C+54060]
Ordinal0 [0x0128CC37+183351]
Ordinal0 [0x0128CA3D+182845]
Ordinal0 [0x0128A94B+174411]
Ordinal0 [0x01272528+75048]
Ordinal0 [0x012735A0+79264]
Ordinal0 [0x01273539+79161]
Ordinal0 [0x0140D607+1758727]
GetHandleVerifier [0x01616546+1050150]
GetHandleVerifier [0x01616291+1049457]
GetHandleVerifier [0x016210D7+1094071]
GetHandleVerifier [0x01616B46+1051686]
Ordinal0 [0x01405B06+1727238]
Ordinal0 [0x0140EB7B+1764219]
Ordinal0 [0x0140ECE3+1764579]
Ordinal0 [0x01424C05+1854469]
BaseThreadInitThunk [0x76AB339A+18]
RtlInitializeExceptionChain [0x77149ED2+99]
RtlInitializeExceptionChain [0x77149EA5+54]

at sun.reflect.NativeConstructorAccessorImpl.newInstance0(Native Method)
at sun.reflect.NativeConstructorAccessorImpl.newInstance(Unknown Source)
at sun.reflect.DelegatingConstructorAccessorImpl.newInstance(Unknown Source)
at java.lang.reflect.Constructor.newInstance(Unknown Source)
at org.openqa.selenium.remote.W3CHandshakeResponse.lambda$errorHandler$0(W3CHandshakeResponse.java:62)
at org.openqa.selenium.remote.HandshakeResponse.lambda$getResponseFunction$0(HandshakeResponse.java:30)
at org.openqa.selenium.remote.ProtocolHandshake.lambda$createSession$0(ProtocolHandshake.java:126)
at java.util.stream.ReferencePipeline$3$1.accept(Unknown Source)
at java.util.Spliterators$ArraySpliterator.tryAdvance(Unknown Source)
at java.util.stream.ReferencePipeline.forEachWithCancel(Unknown Source)
at java.util.stream.AbstractPipeline.copyIntoWithCancel(Unknown Source)
at java.util.stream.AbstractPipeline.copyInto(Unknown Source)
at java.util.stream.AbstractPipeline.wrapAndCopyInto(Unknown Source)
at java.util.stream.FindOps$FindOp.evaluateSequential(Unknown Source)
at java.util.stream.AbstractPipeline.evaluate(Unknown Source)
at java.util.stream.ReferencePipeline.findFirst(Unknown Source)
at org.openqa.selenium.remote.ProtocolHandshake.createSession(ProtocolHandshake.java:128)
at org.openqa.selenium.remote.ProtocolHandshake.createSession(ProtocolHandshake.java:74)
at org.openqa.selenium.remote.HttpCommandExecutor.execute(HttpCommandExecutor.java:136)
at org.openqa.selenium.remote.service.DriverCommandExecutor.execute(DriverCommandExecutor.java:83)
at org.openqa.selenium.remote.RemoteWebDriver.execute(RemoteWebDriver.java:552)
at org.openqa.selenium.remote.RemoteWebDriver.startSession(RemoteWebDriver.java:213)
at org.openqa.selenium.remote.RemoteWebDriver.<init>(RemoteWebDriver.java:131)
at org.openqa.selenium.chrome.ChromeDriver.<init>(ChromeDriver.java:181)
at org.openqa.selenium.chrome.ChromeDriver.<init>(ChromeDriver.java:168)
at org.openqa.selenium.chrome.ChromeDriver.<init>(ChromeDriver.java:123)
at chromebrowser.launchApp.createChromeDriver(launchApp.java:15)
at sun.reflect.NativeMethodAccessorImpl.invoke0(Native Method)
at sun.reflect.NativeMethodAccessorImpl.invoke(Unknown Source)
at sun.reflect.DelegatingMethodAccessorImpl.invoke(Unknown Source)
at java.lang.reflect.Method.invoke(Unknown Source)
at org.testng.internal.MethodInvocationHelper.invokeMethod(MethodInvocationHelper.java:124)
at org.testng.internal.MethodInvocationHelper.invokeMethodConsideringTimeout(MethodInvocationHelper.java:59)
at org.testng.internal.Invoker.invokeConfigurationMethod(Invoker.java:458)
at org.testng.internal.Invoker.invokeConfigurations(Invoker.java:222)
at org.testng.internal.Invoker.invokeConfigurations(Invoker.java:142)
at org.testng.internal.TestMethodWorker.invokeBeforeClassMethods(TestMethodWorker.java:168)
at org.testng.internal.TestMethodWorker.run(TestMethodWorker.java:105)
at org.testng.TestRunner.privateRun(TestRunner.java:648)
at org.testng.TestRunner.run(TestRunner.java:505)
at org.testng.SuiteRunner.runTest(SuiteRunner.java:455)
at org.testng.SuiteRunner.runSequentially(SuiteRunner.java:450)
at org.testng.SuiteRunner.privateRun(SuiteRunner.java:415)
at org.testng.SuiteRunner.run(SuiteRunner.java:364)
at org.testng.SuiteRunnerWorker.runSuite(SuiteRunnerWorker.java:52)
at org.testng.SuiteRunnerWorker.run(SuiteRunnerWorker.java:84)
at org.testng.TestNG.runSuitesSequentially(TestNG.java:1208)
at org.testng.TestNG.runSuitesLocally(TestNG.java:1137)
at org.testng.TestNG.runSuites(TestNG.java:1049)
at org.testng.TestNG.run(TestNG.java:1017)
at org.testng.remote.AbstractRemoteTestNG.run(AbstractRemoteTestNG.java:114)
at org.testng.remote.RemoteTestNG.initAndRun(RemoteTestNG.java:251)
at org.testng.remote.RemoteTestNG.main(RemoteTestNG.java:77)
]]>
            </full-stacktrace>
          </exception> <!-- org.openqa.selenium.WebDriverException -->
          <reporter-output>
          </reporter-output>
        </test-method> <!-- openBrowser -->
        <test-method status="SKIP" signature="closeBrowser()[pri:0, instance:chromebrowser.launchApp@62ee68d8]" name="closeBrowser" is-config="true" duration-ms="0" started-at="2020-07-09T14:15:44Z" finished-at="2020-07-09T14:15:44Z">
          <reporter-output>
          </reporter-output>
        </test-method> <!-- closeBrowser -->
      </class> <!-- chromebrowser.launchApp -->
    </test> <!-- Test -->
  </suite> <!-- Suite -->
</testng-results>
